  0:00 ------------------------------------------------------------
  0:00 InitGame: \fs_game\mods/daddys-mod\version\CoD4 X - win_mingw-x86 build 1153 May  1 2022\shortversion\-\build\1153\branch\master\revision\54db3b9c742a86eb594f47fd0caa98f7d8921aec\sv_maxclients\24\_CoD4 X Site\http://cod4x.ovh\protocol\21\sv_privateClients\0\sv_hostname\^5Daddy Morris' ^6Creamery\sv_minPing\0\sv_maxPing\480\sv_disableClientConsole\0\sv_voice\0\g_mapStartTime\Sun Aug 06 10:41:25 2023\g_gametype\war\mapname\mp_convoy\sv_maxRate\100000\sv_floodprotect\4\sv_pure\1\Administrator\Memeray\Email\daddymorriscreamery@gmail.com\Hosted_By\Support us at DaddyMorris.com\Location\AUS\Url\daddymorris.com\gamename\Call of Duty 4\g_compassShowEnemies\0\g_logTimeStampInSeconds\0
  0:00 OWFYI;111 (not used) out of 185 spawn entities have been deleted.
  0:05 OW;Invalid mod folder rename: daddys-mod. Check allowed naming sintax.
  0:05 Bad mod folder rename: daddys-mod. Check allowed naming sintax.
  0:05 If you want to use your own custom content in Leetmod
  0:05 you can, by renaming the mod folder and .iwd file to:
  0:05 '^5leetmod19_^2suffix^7', where '^2suffix^7' is at your will.

  4:54 J;2310346614443474090;0;Memeray
  4:54 L;2310346614443474090;0;Memeray
  0:00 ------------------------------------------------------------
  0:00 InitGame: \fs_game\mods/leetmod-daddys-vibe\version\CoD4 X - win_mingw-x86 build 1153 May  1 2022\shortversion\-\build\1153\branch\master\revision\54db3b9c742a86eb594f47fd0caa98f7d8921aec\sv_maxclients\24\_CoD4 X Site\http://cod4x.ovh\protocol\21\sv_privateClients\0\sv_hostname\^5Daddy Morris' ^6Creamery\sv_minPing\0\sv_maxPing\480\sv_disableClientConsole\0\sv_voice\0\g_mapStartTime\Sun Aug 06 10:49:31 2023\g_gametype\war\mapname\mp_convoy\sv_maxRate\100000\sv_floodprotect\4\sv_pure\1\Administrator\Memeray\Email\daddymorriscreamery@gmail.com\Hosted_By\Support us at DaddyMorris.com\Location\AUS\Url\daddymorris.com\gamename\Call of Duty 4\g_compassShowEnemies\0\g_logTimeStampInSeconds\0
  0:00 OWFYI;111 (not used) out of 185 spawn entities have been deleted.
  0:05 OW;Invalid mod folder rename: leetmod-daddys-vibe. Check allowed naming sintax.
  0:05 Bad mod folder rename: leetmod-daddys-vibe. Check allowed naming sintax.
  0:05 If you want to use your own custom content in Leetmod
  0:05 you can, by renaming the mod folder and .iwd file to:
  0:05 '^5leetmod19_^2suffix^7', where '^2suffix^7' is at your will.

  4:51 J;2310346614443474090;0;Memeray
  4:51 L;2310346614443474090;0;Memeray
  5:18 JT;2310346614443474090;0;axis;Memeray;
  0:00 ------------------------------------------------------------
  0:00 InitGame: \fs_game\mods/leetmod19_daddys-vibe\version\CoD4 X - win_mingw-x86 build 1153 May  1 2022\shortversion\-\build\1153\branch\master\revision\54db3b9c742a86eb594f47fd0caa98f7d8921aec\sv_maxclients\24\_CoD4 X Site\http://cod4x.ovh\protocol\21\sv_privateClients\0\sv_hostname\^5Daddy Morris' ^6Creamery\sv_minPing\0\sv_maxPing\480\sv_disableClientConsole\0\sv_voice\0\g_mapStartTime\Sun Aug 06 10:56:26 2023\g_gametype\war\mapname\mp_convoy\sv_maxRate\100000\sv_floodprotect\4\sv_pure\1\Administrator\Memeray\Email\daddymorriscreamery@gmail.com\Hosted_By\Support us at DaddyMorris.com\Location\AUS\Url\daddymorris.com\gamename\Call of Duty 4\g_compassShowEnemies\0\g_logTimeStampInSeconds\0
  0:00 OWFYI;111 (not used) out of 185 spawn entities have been deleted.
